<?xml version="1.0" encoding="UTF-8"?>
<testsuite xmlns:xsi="http://www.w3.org/2001/XMLSchema-instance" xsi:noNamespaceSchemaLocation="https://maven.apache.org/surefire/maven-surefire-plugin/xsd/surefire-test-report.xsd" version="3.0.2" name="com.tut1.springboot.learn_spring_boot.LearnSpringBootApplicationTests" time="12.512" tests="1" errors="0" skipped="0" failures="0">
  <properties>
    <property name="java.specification.version" value="21"/>
    <property name="sun.jnu.encoding" value="UTF-8"/>
    <property name="java.class.path" value="/home/rishabh/Downloads/learn-spring-boot/target/test-classes:/home/rishabh/Downloads/learn-spring-boot/target/classes:/home/rishabh/.m2/repository/org/springframework/boot/spring-boot-starter-web/3.4.0-M1/spring-boot-starter-web-3.4.0-M1.jar:/home/rishabh/.m2/repository/org/springframework/boot/spring-boot-starter/3.4.0-M1/spring-boot-starter-3.4.0-M1.jar:/home/rishabh/.m2/repository/org/springframework/boot/spring-boot-starter-logging/3.4.0-M1/spring-boot-starter-logging-3.4.0-M1.jar:/home/rishabh/.m2/repository/ch/qos/logback/logback-classic/1.5.6/logback-classic-1.5.6.jar:/home/rishabh/.m2/repository/ch/qos/logback/logback-core/1.5.6/logback-core-1.5.6.jar:/home/rishabh/.m2/repository/org/apache/logging/log4j/log4j-to-slf4j/2.23.1/log4j-to-slf4j-2.23.1.jar:/home/rishabh/.m2/repository/org/apache/logging/log4j/log4j-api/2.23.1/log4j-api-2.23.1.jar:/home/rishabh/.m2/repository/org/slf4j/jul-to-slf4j/2.0.13/jul-to-slf4j-2.0.13.jar:/home/rishabh/.m2/repository/jakarta/annotation/jakarta.annotation-api/2.1.1/jakarta.annotation-api-2.1.1.jar:/home/rishabh/.m2/repository/org/yaml/snakeyaml/2.2/snakeyaml-2.2.jar:/home/rishabh/.m2/repository/org/springframework/boot/spring-boot-starter-json/3.4.0-M1/spring-boot-starter-json-3.4.0-M1.jar:/home/rishabh/.m2/repository/com/fasterxml/jackson/core/jackson-databind/2.17.2/jackson-databind-2.17.2.jar:/home/rishabh/.m2/repository/com/fasterxml/jackson/core/jackson-annotations/2.17.2/jackson-annotations-2.17.2.jar:/home/rishabh/.m2/repository/com/fasterxml/jackson/core/jackson-core/2.17.2/jackson-core-2.17.2.jar:/home/rishabh/.m2/repository/com/fasterxml/jackson/datatype/jackson-datatype-jdk8/2.17.2/jackson-datatype-jdk8-2.17.2.jar:/home/rishabh/.m2/repository/com/fasterxml/jackson/datatype/jackson-datatype-jsr310/2.17.2/jackson-datatype-jsr310-2.17.2.jar:/home/rishabh/.m2/repository/com/fasterxml/jackson/module/jackson-module-parameter-names/2.17.2/jackson-module-parameter-names-2.17.2.jar:/home/rishabh/.m2/repository/org/springframework/boot/spring-boot-starter-tomcat/3.4.0-M1/spring-boot-starter-tomcat-3.4.0-M1.jar:/home/rishabh/.m2/repository/org/apache/tomcat/embed/tomcat-embed-core/10.1.26/tomcat-embed-core-10.1.26.jar:/home/rishabh/.m2/repository/org/apache/tomcat/embed/tomcat-embed-el/10.1.26/tomcat-embed-el-10.1.26.jar:/home/rishabh/.m2/repository/org/apache/tomcat/embed/tomcat-embed-websocket/10.1.26/tomcat-embed-websocket-10.1.26.jar:/home/rishabh/.m2/repository/org/springframework/spring-web/6.2.0-M6/spring-web-6.2.0-M6.jar:/home/rishabh/.m2/repository/org/springframework/spring-beans/6.2.0-M6/spring-beans-6.2.0-M6.jar:/home/rishabh/.m2/repository/org/springframework/spring-webmvc/6.2.0-M6/spring-webmvc-6.2.0-M6.jar:/home/rishabh/.m2/repository/org/springframework/spring-aop/6.2.0-M6/spring-aop-6.2.0-M6.jar:/home/rishabh/.m2/repository/org/springframework/spring-context/6.2.0-M6/spring-context-6.2.0-M6.jar:/home/rishabh/.m2/repository/org/springframework/spring-expression/6.2.0-M6/spring-expression-6.2.0-M6.jar:/home/rishabh/.m2/repository/org/springframework/boot/spring-boot-starter-actuator/3.4.0-M1/spring-boot-starter-actuator-3.4.0-M1.jar:/home/rishabh/.m2/repository/org/springframework/boot/spring-boot-actuator-autoconfigure/3.4.0-M1/spring-boot-actuator-autoconfigure-3.4.0-M1.jar:/home/rishabh/.m2/repository/org/springframework/boot/spring-boot-actuator/3.4.0-M1/spring-boot-actuator-3.4.0-M1.jar:/home/rishabh/.m2/repository/io/micrometer/micrometer-observation/1.14.0-M1/micrometer-observation-1.14.0-M1.jar:/home/rishabh/.m2/repository/io/micrometer/micrometer-commons/1.14.0-M1/micrometer-commons-1.14.0-M1.jar:/home/rishabh/.m2/repository/io/micrometer/micrometer-jakarta9/1.14.0-M1/micrometer-jakarta9-1.14.0-M1.jar:/home/rishabh/.m2/repository/io/micrometer/micrometer-core/1.14.0-M1/micrometer-core-1.14.0-M1.jar:/home/rishabh/.m2/repository/org/hdrhistogram/HdrHistogram/2.2.2/HdrHistogram-2.2.2.jar:/home/rishabh/.m2/repository/org/latencyutils/LatencyUtils/2.0.3/LatencyUtils-2.0.3.jar:/home/rishabh/.m2/repository/org/springframework/boot/spring-boot-devtools/3.4.0-M1/spring-boot-devtools-3.4.0-M1.jar:/home/rishabh/.m2/repository/org/springframework/boot/spring-boot/3.4.0-M1/spring-boot-3.4.0-M1.jar:/home/rishabh/.m2/repository/org/springframework/boot/spring-boot-autoconfigure/3.4.0-M1/spring-boot-autoconfigure-3.4.0-M1.jar:/home/rishabh/.m2/repository/org/springframework/boot/spring-boot-starter-test/3.4.0-M1/spring-boot-starter-test-3.4.0-M1.jar:/home/rishabh/.m2/repository/org/springframework/boot/spring-boot-test/3.4.0-M1/spring-boot-test-3.4.0-M1.jar:/home/rishabh/.m2/repository/org/springframework/boot/spring-boot-test-autoconfigure/3.4.0-M1/spring-boot-test-autoconfigure-3.4.0-M1.jar:/home/rishabh/.m2/repository/com/jayway/jsonpath/json-path/2.9.0/json-path-2.9.0.jar:/home/rishabh/.m2/repository/org/slf4j/slf4j-api/2.0.13/slf4j-api-2.0.13.jar:/home/rishabh/.m2/repository/jakarta/xml/bind/jakarta.xml.bind-api/4.0.2/jakarta.xml.bind-api-4.0.2.jar:/home/rishabh/.m2/repository/jakarta/activation/jakarta.activation-api/2.1.3/jakarta.activation-api-2.1.3.jar:/home/rishabh/.m2/repository/net/minidev/json-smart/2.5.1/json-smart-2.5.1.jar:/home/rishabh/.m2/repository/net/minidev/accessors-smart/2.5.1/accessors-smart-2.5.1.jar:/home/rishabh/.m2/repository/org/ow2/asm/asm/9.6/asm-9.6.jar:/home/rishabh/.m2/repository/org/assertj/assertj-core/3.26.3/assertj-core-3.26.3.jar:/home/rishabh/.m2/repository/net/bytebuddy/byte-buddy/1.14.18/byte-buddy-1.14.18.jar:/home/rishabh/.m2/repository/org/awaitility/awaitility/4.2.1/awaitility-4.2.1.jar:/home/rishabh/.m2/repository/org/hamcrest/hamcrest/2.2/hamcrest-2.2.jar:/home/rishabh/.m2/repository/org/junit/jupiter/junit-jupiter/5.10.3/junit-jupiter-5.10.3.jar:/home/rishabh/.m2/repository/org/junit/jupiter/junit-jupiter-api/5.10.3/junit-jupiter-api-5.10.3.jar:/home/rishabh/.m2/repository/org/opentest4j/opentest4j/1.3.0/opentest4j-1.3.0.jar:/home/rishabh/.m2/repository/org/junit/platform/junit-platform-commons/1.10.3/junit-platform-commons-1.10.3.jar:/home/rishabh/.m2/repository/org/apiguardian/apiguardian-api/1.1.2/apiguardian-api-1.1.2.jar:/home/rishabh/.m2/repository/org/junit/jupiter/junit-jupiter-params/5.10.3/junit-jupiter-params-5.10.3.jar:/home/rishabh/.m2/repository/org/junit/jupiter/junit-jupiter-engine/5.10.3/junit-jupiter-engine-5.10.3.jar:/home/rishabh/.m2/repository/org/junit/platform/junit-platform-engine/1.10.3/junit-platform-engine-1.10.3.jar:/home/rishabh/.m2/repository/org/mockito/mockito-core/5.12.0/mockito-core-5.12.0.jar:/home/rishabh/.m2/repository/net/bytebuddy/byte-buddy-agent/1.14.18/byte-buddy-agent-1.14.18.jar:/home/rishabh/.m2/repository/org/objenesis/objenesis/3.3/objenesis-3.3.jar:/home/rishabh/.m2/repository/org/mockito/mockito-junit-jupiter/5.12.0/mockito-junit-jupiter-5.12.0.jar:/home/rishabh/.m2/repository/org/skyscreamer/jsonassert/1.5.3/jsonassert-1.5.3.jar:/home/rishabh/.m2/repository/com/vaadin/external/google/android-json/0.0.20131108.vaadin1/android-json-0.0.20131108.vaadin1.jar:/home/rishabh/.m2/repository/org/springframework/spring-core/6.2.0-M6/spring-core-6.2.0-M6.jar:/home/rishabh/.m2/repository/org/springframework/spring-jcl/6.2.0-M6/spring-jcl-6.2.0-M6.jar:/home/rishabh/.m2/repository/org/springframework/spring-test/6.2.0-M6/spring-test-6.2.0-M6.jar:/home/rishabh/.m2/repository/org/xmlunit/xmlunit-core/2.10.0/xmlunit-core-2.10.0.jar:"/>
    <property name="java.vm.vendor" value="Eclipse Adoptium"/>
    <property name="sun.arch.data.model" value="64"/>
    <property name="java.vendor.url" value="https://adoptium.net/"/>
    <property name="user.timezone" value="Asia/Kolkata"/>
    <property name="os.name" value="Linux"/>
    <property name="java.vm.specification.version" value="21"/>
    <property name="sun.java.launcher" value="SUN_STANDARD"/>
    <property name="user.country" value="IN"/>
    <property name="sun.boot.library.path" value="/snap/eclipse/95/plugins/org.eclipse.justj.openjdk.hotspot.jre.full.linux.x86_64_21.0.3.v20240426-1530/jre/lib"/>
    <property name="sun.java.command" value="/home/rishabh/Downloads/learn-spring-boot/target/surefire/surefirebooter-20240810165938144_3.jar /home/rishabh/Downloads/learn-spring-boot/target/surefire 2024-08-10T16-59-37_959-jvmRun1 surefire-20240810165938144_1tmp surefire_0-20240810165938144_2tmp"/>
    <property name="jdk.debug" value="release"/>
    <property name="surefire.test.class.path" value="/home/rishabh/Downloads/learn-spring-boot/target/test-classes:/home/rishabh/Downloads/learn-spring-boot/target/classes:/home/rishabh/.m2/repository/org/springframework/boot/spring-boot-starter-web/3.4.0-M1/spring-boot-starter-web-3.4.0-M1.jar:/home/rishabh/.m2/repository/org/springframework/boot/spring-boot-starter/3.4.0-M1/spring-boot-starter-3.4.0-M1.jar:/home/rishabh/.m2/repository/org/springframework/boot/spring-boot-starter-logging/3.4.0-M1/spring-boot-starter-logging-3.4.0-M1.jar:/home/rishabh/.m2/repository/ch/qos/logback/logback-classic/1.5.6/logback-classic-1.5.6.jar:/home/rishabh/.m2/repository/ch/qos/logback/logback-core/1.5.6/logback-core-1.5.6.jar:/home/rishabh/.m2/repository/org/apache/logging/log4j/log4j-to-slf4j/2.23.1/log4j-to-slf4j-2.23.1.jar:/home/rishabh/.m2/repository/org/apache/logging/log4j/log4j-api/2.23.1/log4j-api-2.23.1.jar:/home/rishabh/.m2/repository/org/slf4j/jul-to-slf4j/2.0.13/jul-to-slf4j-2.0.13.jar:/home/rishabh/.m2/repository/jakarta/annotation/jakarta.annotation-api/2.1.1/jakarta.annotation-api-2.1.1.jar:/home/rishabh/.m2/repository/org/yaml/snakeyaml/2.2/snakeyaml-2.2.jar:/home/rishabh/.m2/repository/org/springframework/boot/spring-boot-starter-json/3.4.0-M1/spring-boot-starter-json-3.4.0-M1.jar:/home/rishabh/.m2/repository/com/fasterxml/jackson/core/jackson-databind/2.17.2/jackson-databind-2.17.2.jar:/home/rishabh/.m2/repository/com/fasterxml/jackson/core/jackson-annotations/2.17.2/jackson-annotations-2.17.2.jar:/home/rishabh/.m2/repository/com/fasterxml/jackson/core/jackson-core/2.17.2/jackson-core-2.17.2.jar:/home/rishabh/.m2/repository/com/fasterxml/jackson/datatype/jackson-datatype-jdk8/2.17.2/jackson-datatype-jdk8-2.17.2.jar:/home/rishabh/.m2/repository/com/fasterxml/jackson/datatype/jackson-datatype-jsr310/2.17.2/jackson-datatype-jsr310-2.17.2.jar:/home/rishabh/.m2/repository/com/fasterxml/jackson/module/jackson-module-parameter-names/2.17.2/jackson-module-parameter-names-2.17.2.jar:/home/rishabh/.m2/repository/org/springframework/boot/spring-boot-starter-tomcat/3.4.0-M1/spring-boot-starter-tomcat-3.4.0-M1.jar:/home/rishabh/.m2/repository/org/apache/tomcat/embed/tomcat-embed-core/10.1.26/tomcat-embed-core-10.1.26.jar:/home/rishabh/.m2/repository/org/apache/tomcat/embed/tomcat-embed-el/10.1.26/tomcat-embed-el-10.1.26.jar:/home/rishabh/.m2/repository/org/apache/tomcat/embed/tomcat-embed-websocket/10.1.26/tomcat-embed-websocket-10.1.26.jar:/home/rishabh/.m2/repository/org/springframework/spring-web/6.2.0-M6/spring-web-6.2.0-M6.jar:/home/rishabh/.m2/repository/org/springframework/spring-beans/6.2.0-M6/spring-beans-6.2.0-M6.jar:/home/rishabh/.m2/repository/org/springframework/spring-webmvc/6.2.0-M6/spring-webmvc-6.2.0-M6.jar:/home/rishabh/.m2/repository/org/springframework/spring-aop/6.2.0-M6/spring-aop-6.2.0-M6.jar:/home/rishabh/.m2/repository/org/springframework/spring-context/6.2.0-M6/spring-context-6.2.0-M6.jar:/home/rishabh/.m2/repository/org/springframework/spring-expression/6.2.0-M6/spring-expression-6.2.0-M6.jar:/home/rishabh/.m2/repository/org/springframework/boot/spring-boot-starter-actuator/3.4.0-M1/spring-boot-starter-actuator-3.4.0-M1.jar:/home/rishabh/.m2/repository/org/springframework/boot/spring-boot-actuator-autoconfigure/3.4.0-M1/spring-boot-actuator-autoconfigure-3.4.0-M1.jar:/home/rishabh/.m2/repository/org/springframework/boot/spring-boot-actuator/3.4.0-M1/spring-boot-actuator-3.4.0-M1.jar:/home/rishabh/.m2/repository/io/micrometer/micrometer-observation/1.14.0-M1/micrometer-observation-1.14.0-M1.jar:/home/rishabh/.m2/repository/io/micrometer/micrometer-commons/1.14.0-M1/micrometer-commons-1.14.0-M1.jar:/home/rishabh/.m2/repository/io/micrometer/micrometer-jakarta9/1.14.0-M1/micrometer-jakarta9-1.14.0-M1.jar:/home/rishabh/.m2/repository/io/micrometer/micrometer-core/1.14.0-M1/micrometer-core-1.14.0-M1.jar:/home/rishabh/.m2/repository/org/hdrhistogram/HdrHistogram/2.2.2/HdrHistogram-2.2.2.jar:/home/rishabh/.m2/repository/org/latencyutils/LatencyUtils/2.0.3/LatencyUtils-2.0.3.jar:/home/rishabh/.m2/repository/org/springframework/boot/spring-boot-devtools/3.4.0-M1/spring-boot-devtools-3.4.0-M1.jar:/home/rishabh/.m2/repository/org/springframework/boot/spring-boot/3.4.0-M1/spring-boot-3.4.0-M1.jar:/home/rishabh/.m2/repository/org/springframework/boot/spring-boot-autoconfigure/3.4.0-M1/spring-boot-autoconfigure-3.4.0-M1.jar:/home/rishabh/.m2/repository/org/springframework/boot/spring-boot-starter-test/3.4.0-M1/spring-boot-starter-test-3.4.0-M1.jar:/home/rishabh/.m2/repository/org/springframework/boot/spring-boot-test/3.4.0-M1/spring-boot-test-3.4.0-M1.jar:/home/rishabh/.m2/repository/org/springframework/boot/spring-boot-test-autoconfigure/3.4.0-M1/spring-boot-test-autoconfigure-3.4.0-M1.jar:/home/rishabh/.m2/repository/com/jayway/jsonpath/json-path/2.9.0/json-path-2.9.0.jar:/home/rishabh/.m2/repository/org/slf4j/slf4j-api/2.0.13/slf4j-api-2.0.13.jar:/home/rishabh/.m2/repository/jakarta/xml/bind/jakarta.xml.bind-api/4.0.2/jakarta.xml.bind-api-4.0.2.jar:/home/rishabh/.m2/repository/jakarta/activation/jakarta.activation-api/2.1.3/jakarta.activation-api-2.1.3.jar:/home/rishabh/.m2/repository/net/minidev/json-smart/2.5.1/json-smart-2.5.1.jar:/home/rishabh/.m2/repository/net/minidev/accessors-smart/2.5.1/accessors-smart-2.5.1.jar:/home/rishabh/.m2/repository/org/ow2/asm/asm/9.6/asm-9.6.jar:/home/rishabh/.m2/repository/org/assertj/assertj-core/3.26.3/assertj-core-3.26.3.jar:/home/rishabh/.m2/repository/net/bytebuddy/byte-buddy/1.14.18/byte-buddy-1.14.18.jar:/home/rishabh/.m2/repository/org/awaitility/awaitility/4.2.1/awaitility-4.2.1.jar:/home/rishabh/.m2/repository/org/hamcrest/hamcrest/2.2/hamcrest-2.2.jar:/home/rishabh/.m2/repository/org/junit/jupiter/junit-jupiter/5.10.3/junit-jupiter-5.10.3.jar:/home/rishabh/.m2/repository/org/junit/jupiter/junit-jupiter-api/5.10.3/junit-jupiter-api-5.10.3.jar:/home/rishabh/.m2/repository/org/opentest4j/opentest4j/1.3.0/opentest4j-1.3.0.jar:/home/rishabh/.m2/repository/org/junit/platform/junit-platform-commons/1.10.3/junit-platform-commons-1.10.3.jar:/home/rishabh/.m2/repository/org/apiguardian/apiguardian-api/1.1.2/apiguardian-api-1.1.2.jar:/home/rishabh/.m2/repository/org/junit/jupiter/junit-jupiter-params/5.10.3/junit-jupiter-params-5.10.3.jar:/home/rishabh/.m2/repository/org/junit/jupiter/junit-jupiter-engine/5.10.3/junit-jupiter-engine-5.10.3.jar:/home/rishabh/.m2/repository/org/junit/platform/junit-platform-engine/1.10.3/junit-platform-engine-1.10.3.jar:/home/rishabh/.m2/repository/org/mockito/mockito-core/5.12.0/mockito-core-5.12.0.jar:/home/rishabh/.m2/repository/net/bytebuddy/byte-buddy-agent/1.14.18/byte-buddy-agent-1.14.18.jar:/home/rishabh/.m2/repository/org/objenesis/objenesis/3.3/objenesis-3.3.jar:/home/rishabh/.m2/repository/org/mockito/mockito-junit-jupiter/5.12.0/mockito-junit-jupiter-5.12.0.jar:/home/rishabh/.m2/repository/org/skyscreamer/jsonassert/1.5.3/jsonassert-1.5.3.jar:/home/rishabh/.m2/repository/com/vaadin/external/google/android-json/0.0.20131108.vaadin1/android-json-0.0.20131108.vaadin1.jar:/home/rishabh/.m2/repository/org/springframework/spring-core/6.2.0-M6/spring-core-6.2.0-M6.jar:/home/rishabh/.m2/repository/org/springframework/spring-jcl/6.2.0-M6/spring-jcl-6.2.0-M6.jar:/home/rishabh/.m2/repository/org/springframework/spring-test/6.2.0-M6/spring-test-6.2.0-M6.jar:/home/rishabh/.m2/repository/org/xmlunit/xmlunit-core/2.10.0/xmlunit-core-2.10.0.jar:"/>
    <property name="sun.cpu.endian" value="little"/>
    <property name="user.home" value="/home/rishabh"/>
    <property name="user.language" value="en"/>
    <property name="java.specification.vendor" value="Oracle Corporation"/>
    <property name="java.version.date" value="2024-04-16"/>
    <property name="java.home" value="/snap/eclipse/95/plugins/org.eclipse.justj.openjdk.hotspot.jre.full.linux.x86_64_21.0.3.v20240426-1530/jre"/>
    <property name="file.separator" value="/"/>
    <property name="basedir" value="/home/rishabh/Downloads/learn-spring-boot"/>
    <property name="style.color" value="always"/>
    <property name="java.vm.compressedOopsMode" value="32-bit"/>
    <property name="line.separator" value="&#10;"/>
    <property name="java.vm.specification.vendor" value="Oracle Corporation"/>
    <property name="java.specification.name" value="Java Platform API Specification"/>
    <property name="FILE_LOG_CHARSET" value="UTF-8"/>
    <property name="java.awt.headless" value="true"/>
    <property name="surefire.real.class.path" value="/home/rishabh/Downloads/learn-spring-boot/target/surefire/surefirebooter-20240810165938144_3.jar"/>
    <property name="sun.management.compiler" value="HotSpot 64-Bit Tiered Compilers"/>
    <property name="java.runtime.version" value="21.0.3+9-LTS"/>
    <property name="user.name" value="rishabh"/>
    <property name="stdout.encoding" value="UTF-8"/>
    <property name="path.separator" value=":"/>
    <property name="os.version" value="6.5.0-45-generic"/>
    <property name="java.runtime.name" value="OpenJDK Runtime Environment"/>
    <property name="file.encoding" value="UTF-8"/>
    <property name="java.vm.name" value="OpenJDK 64-Bit Server VM"/>
    <property name="java.vendor.version" value="Temurin-21.0.3+9"/>
    <property name="localRepository" value="/home/rishabh/.m2/repository"/>
    <property name="java.vendor.url.bug" value="https://github.com/adoptium/adoptium-support/issues"/>
    <property name="java.io.tmpdir" value="/tmp"/>
    <property name="java.version" value="21.0.3"/>
    <property name="user.dir" value="/home/rishabh/Downloads/learn-spring-boot"/>
    <property name="os.arch" value="amd64"/>
    <property name="java.vm.specification.name" value="Java Virtual Machine Specification"/>
    <property name="PID" value="3739"/>
    <property name="CONSOLE_LOG_CHARSET" value="UTF-8"/>
    <property name="native.encoding" value="UTF-8"/>
    <property name="java.library.path" value="/usr/java/packages/lib:/usr/lib64:/lib64:/lib:/usr/lib"/>
    <property name="java.vm.info" value="mixed mode"/>
    <property name="stderr.encoding" value="UTF-8"/>
    <property name="java.vendor" value="Eclipse Adoptium"/>
    <property name="java.vm.version" value="21.0.3+9-LTS"/>
    <property name="sun.io.unicode.encoding" value="UnicodeLittle"/>
    <property name="java.class.version" value="65.0"/>
  </properties>
  <testcase name="contextLoads" classname="com.tut1.springboot.learn_spring_boot.LearnSpringBootApplicationTests" time="2.428">
    <system-out><![CDATA[16:59:41.045 [main] INFO org.springframework.test.context.support.AnnotationConfigContextLoaderUtils -- Could not detect default configuration classes for test class [com.tut1.springboot.learn_spring_boot.LearnSpringBootApplicationTests]: LearnSpringBootApplicationTests does not declare any static, non-private, non-final, nested classes annotated with @Configuration.
16:59:41.372 [main] INFO org.springframework.boot.test.context.SpringBootTestContextBootstrapper -- Found @SpringBootConfiguration com.tut1.springboot.learn_spring_boot.LearnSpringBootApplication for test class com.tut1.springboot.learn_spring_boot.LearnSpringBootApplicationTests
16:59:41.798 [main] INFO org.springframework.boot.devtools.restart.RestartApplicationListener -- Restart disabled due to context in which it is running

  .   ____          _            __ _ _
 /\\ / ___'_ __ _ _(_)_ __  __ _ \ \ \ \
( ( )\___ | '_ | '_| | '_ \/ _` | \ \ \ \
 \\/  ___)| |_)| | | | | || (_| |  ) ) ) )
  '  |____| .__|_| |_|_| |_\__, | / / / /
 =========|_|==============|___/=/_/_/_/

 :: Spring Boot ::             (v3.4.0-M1)

2024-08-10T16:59:42.870+05:30  INFO 3739 --- [           main] c.t.s.l.LearnSpringBootApplicationTests  : Starting LearnSpringBootApplicationTests using Java 21.0.3 with PID 3739 (started by rishabh in /home/rishabh/Downloads/learn-spring-boot)
2024-08-10T16:59:42.873+05:30  INFO 3739 --- [           main] c.t.s.l.LearnSpringBootApplicationTests  : The following 1 profile is active: "prod"
2024-08-10T16:59:49.159+05:30  INFO 3739 --- [           main] o.s.b.a.e.web.EndpointLinksResolver      : Exposing 14 endpoints beneath base path '/actuator'
2024-08-10T16:59:49.292+05:30  INFO 3739 --- [           main] c.t.s.l.LearnSpringBootApplicationTests  : Started LearnSpringBootApplicationTests in 7.544 seconds (process running for 10.994)
]]></system-out>
    <system-err><![CDATA[WARNING: A Java agent has been loaded dynamically (/home/rishabh/.m2/repository/net/bytebuddy/byte-buddy-agent/1.14.18/byte-buddy-agent-1.14.18.jar)
WARNING: If a serviceability tool is in use, please run with -XX:+EnableDynamicAgentLoading to hide this warning
WARNING: If a serviceability tool is not in use, please run with -Djdk.instrument.traceUsage for more information
WARNING: Dynamic loading of agents will be disallowed by default in a future release
]]></system-err>
  </testcase>
</testsuite>